<?xml version="1.0" encoding="UTF-8"?>
<!-- Generated by org.testng.reporters.JUnitXMLReporter -->
<testsuite ignored="2" hostname="DESKTOP-I882LUR" failures="0" tests="5" name="Test" time="0.11" errors="0" timestamp="2025-10-23T16:19:23 IST">
  <testcase classname="base.Projectspecificationmethod" name="@BeforeClass testDetails" time="0.004">
    <failure type="java.lang.IllegalArgumentException" message="Test name must not be null or empty">
      <![CDATA[java.lang.IllegalArgumentException: Test name must not be null or empty
at com.aventstack.extentreports.util.Assert.notEmpty(Assert.java:12)
at com.aventstack.extentreports.ExtentTest.<init>(ExtentTest.java:97)
at com.aventstack.extentreports.ExtentTest.<init>(ExtentTest.java:118)
at com.aventstack.extentreports.ExtentReports.createTest(ExtentReports.java:231)
at base.Projectspecificationmethod.testDetails(Projectspecificationmethod.java:31)
at java.base/java.util.ArrayList.forEach(ArrayList.java:1596)
... Removed 23 stack frames]]>
    </failure>
  </testcase> <!-- @BeforeClass testDetails -->
  <testcase classname="base.Projectspecificationmethod" name="@BeforeMethod browserlaunch" time="-1.761216563472E9">
    <skipped/>
  </testcase> <!-- @BeforeMethod browserlaunch -->
  <testcase classname="base.Projectspecificationmethod" name="@AfterMethod shuttingBrowser" time="-1.761216563484E9">
    <skipped/>
  </testcase> <!-- @AfterMethod shuttingBrowser -->
  <testcase classname="base.Projectspecificationmethod" name="@BeforeClass testDetails" time="0.0">
    <failure type="java.lang.IllegalArgumentException" message="Test name must not be null or empty">
      <![CDATA[java.lang.IllegalArgumentException: Test name must not be null or empty
at com.aventstack.extentreports.util.Assert.notEmpty(Assert.java:12)
at com.aventstack.extentreports.ExtentTest.<init>(ExtentTest.java:97)
at com.aventstack.extentreports.ExtentTest.<init>(ExtentTest.java:118)
at com.aventstack.extentreports.ExtentReports.createTest(ExtentReports.java:231)
at base.Projectspecificationmethod.testDetails(Projectspecificationmethod.java:31)
at java.base/java.util.ArrayList.forEach(ArrayList.java:1596)
... Removed 23 stack frames]]>
    </failure>
  </testcase> <!-- @BeforeClass testDetails -->
  <testcase classname="base.Projectspecificationmethod" name="@BeforeMethod browserlaunch" time="-1.761216563494E9">
    <skipped/>
  </testcase> <!-- @BeforeMethod browserlaunch -->
  <testcase classname="base.Projectspecificationmethod" name="@AfterMethod shuttingBrowser" time="-1.7612165635E9">
    <skipped/>
  </testcase> <!-- @AfterMethod shuttingBrowser -->
  <testcase classname="base.Projectspecificationmethod" name="@BeforeMethod browserlaunch" time="-1.761216563506E9">
    <skipped/>
  </testcase> <!-- @BeforeMethod browserlaunch -->
  <testcase classname="base.Projectspecificationmethod" name="@AfterMethod shuttingBrowser" time="-1.761216563516E9">
    <skipped/>
  </testcase> <!-- @AfterMethod shuttingBrowser -->
  <testcase classname="base.Projectspecificationmethod" name="@BeforeMethod browserlaunch" time="-1.761216563519E9">
    <skipped/>
  </testcase> <!-- @BeforeMethod browserlaunch -->
  <testcase classname="base.Projectspecificationmethod" name="@AfterMethod shuttingBrowser" time="-1.761216563533E9">
    <skipped/>
  </testcase> <!-- @AfterMethod shuttingBrowser -->
  <testcase classname="base.Projectspecificationmethod" name="@BeforeMethod browserlaunch" time="-1.761216563535E9">
    <skipped/>
  </testcase> <!-- @BeforeMethod browserlaunch -->
  <testcase classname="base.Projectspecificationmethod" name="@AfterMethod shuttingBrowser" time="-1.761216563539E9">
    <skipped/>
  </testcase> <!-- @AfterMethod shuttingBrowser -->
  <testcase classname="test.Logintest" name="verifyValidLogin" time="0.001">
    <skipped/>
  </testcase> <!-- verifyValidLogin -->
  <testcase classname="test.Producttest" name="extractProductsByHeader" time="0.0">
    <skipped/>
  </testcase> <!-- extractProductsByHeader -->
  <testcase classname="test.Producttest" name="verifyAddToCartWithSorting" time="0.0">
    <skipped/>
  </testcase> <!-- verifyAddToCartWithSorting -->
  <testcase classname="test.Producttest" name="verifyAddToCartWithSorting" time="0.0">
    <skipped/>
  </testcase> <!-- verifyAddToCartWithSorting -->
  <testcase classname="test.Producttest" name="verifyAddToCartWithSorting" time="0.0">
    <skipped/>
  </testcase> <!-- verifyAddToCartWithSorting -->
  <testcase classname="base.Projectspecificationmethod" name="@AfterSuite closeReport" time="0.0">
    <ignored/>
  </testcase> <!-- @AfterSuite closeReport -->
  <testcase classname="base.Projectspecificationmethod" name="@BeforeSuite reportIniatialization" time="0.0">
    <ignored/>
  </testcase> <!-- @BeforeSuite reportIniatialization -->
</testsuite> <!-- Test -->
