<?xml version="1.0" encoding="UTF-8"?>
<testng-results ignored="0" total="1" passed="1" failed="0" skipped="0">
  <reporter-output>
  </reporter-output>
  <suite started-at="2025-10-29T21:31:54 IST" name="Default suite" finished-at="2025-10-29T21:31:59 IST" duration-ms="5386">
    <groups>
    </groups>
    <test started-at="2025-10-29T21:31:54 IST" name="Default test" finished-at="2025-10-29T21:31:59 IST" duration-ms="5386">
      <class name="test.ProductExtractionTest">
        <test-method is-config="true" signature="setUp()[pri:0, instance:test.ProductExtractionTest@6356695f]" started-at="2025-10-29T21:31:54 IST" name="setUp" finished-at="2025-10-29T21:31:57 IST" duration-ms="2936" status="PASS">
          <reporter-output>
          </reporter-output>
        </test-method> <!-- setUp -->
        <test-method signature="extractTop3Products_NameZtoA()[pri:0, instance:test.ProductExtractionTest@6356695f]" started-at="2025-10-29T21:31:57 IST" name="extractTop3Products_NameZtoA" finished-at="2025-10-29T21:31:59 IST" duration-ms="2192" status="PASS">
          <reporter-output>
          </reporter-output>
        </test-method> <!-- extractTop3Products_NameZtoA -->
        <test-method is-config="true" signature="tearDown()[pri:0, instance:test.ProductExtractionTest@6356695f]" started-at="2025-10-29T21:31:59 IST" name="tearDown" finished-at="2025-10-29T21:31:59 IST" duration-ms="208" status="PASS">
          <reporter-output>
          </reporter-output>
        </test-method> <!-- tearDown -->
      </class> <!-- test.ProductExtractionTest -->
    </test> <!-- Default test -->
  </suite> <!-- Default suite -->
</testng-results>
